{
  "stats": {
    "suites": 1,
    "tests": 1,
    "passes": 1,
    "pending": 0,
    "failures": 0,
    "start": "2021-05-31T14:54:52.961Z",
    "end": "2021-05-31T14:55:03.542Z",
    "duration": 10581,
    "testsRegistered": 1,
    "passPercent": 100,
    "pendingPercent": 0,
    "other": 0,
    "hasOther": false,
    "skipped": 0,
    "hasSkipped": false
  },
  "results": [
    {
      "uuid": "feac6e9b-506c-452a-93ca-2ff8b95d552b",
      "title": "",
      "fullFile": "cypress/integration/tests/SearchTest.js",
      "file": "cypress/integration/tests/SearchTest.js",
      "beforeHooks": [],
      "afterHooks": [],
      "tests": [],
      "suites": [
        {
          "uuid": "4b5f13fa-f488-49ea-8098-4b5aac02ed4b",
          "title": "validate search",
          "fullFile": "",
          "file": "",
          "beforeHooks": [],
          "afterHooks": [],
          "tests": [
            {
              "title": "searching a job",
              "fullTitle": "validate search searching a job",
              "timedOut": null,
              "duration": 8674,
              "state": "passed",
              "speed": "slow",
              "pass": true,
              "fail": false,
              "pending": false,
              "context": null,
              "code": "_HomePage.default.searchSectionIsVisible();\n_HomePage.default.enterSearchInputKeyword(data.keyword);\n_HomePage.default.enterSearchInputLocation(data.location);\n_HomePage.default.selectSearchRadius(data.radius);\n_HomePage.default.clickSearchButton();\n_SearchResultPage.default.verifySearchedKeyword(data.keyword);\n_SearchResultPage.default.verifySelectedRadius(data.radius);\n_SearchResultPage.default.verifySearchResultsRendering();",
              "err": {},
              "uuid": "70673c87-6a2e-469c-ba05-2bc290e7c9bc",
              "parentUUID": "4b5f13fa-f488-49ea-8098-4b5aac02ed4b",
              "isHook": false,
              "skipped": false
            }
          ],
          "suites": [],
          "passes": [
            "70673c87-6a2e-469c-ba05-2bc290e7c9bc"
          ],
          "failures": [],
          "pending": [],
          "skipped": [],
          "duration": 8674,
          "root": false,
          "rootEmpty": false,
          "_timeout": 2000
        }
      ],
      "passes": [],
      "failures": [],
      "pending": [],
      "skipped": [],
      "duration": 0,
      "root": true,
      "rootEmpty": true,
      "_timeout": 2000
    }
  ],
  "meta": {
    "mocha": {
      "version": "7.0.1"
    },
    "mochawesome": {
      "options": {
        "quiet": false,
        "reportFilename": "mochawesome",
        "saveHtml": false,
        "saveJson": true,
        "consoleReporter": "spec",
        "useInlineDiffs": false,
        "code": true
      },
      "version": "6.2.2"
    },
    "marge": {
      "options": {
        "id": "default",
        "reportDir": "cypress/reports/mocha",
        "quite": true,
        "overwrite": false,
        "html": false,
        "json": true
      },
      "version": "5.2.0"
    }
  }
}